<?xml version="1.0" encoding="UTF-8"?>
<!-- Generated by org.testng.reporters.JUnitReportReporter -->
<testsuite hostname="LAPTOP-L4FN0J6B" failures="0" tests="1" name="com.saucedemo.tests.TestLogoutPage" time="5.833" errors="0" timestamp="2025-09-07T20:02:44 IST" skipped="0">
  <testcase classname="com.saucedemo.tests.TestLogoutPage" name="logoutWorks" time="5.833"/>
</testsuite> <!-- com.saucedemo.tests.TestLogoutPage -->
