<?xml version="1.0" encoding="UTF-8"?>
<!-- Generated by org.testng.reporters.JUnitReportReporter -->
<testsuite hostname="LAPTOP-L4FN0J6B" failures="0" tests="5" name="com.saucedemo.tests.LoginPageTest" time="72.899" errors="0" timestamp="2025-09-07T20:02:44 IST" skipped="0">
  <testcase classname="com.saucedemo.tests.LoginPageTest" name="testUsernameOrPasswordRequiredErrors" time="6.382"/>
  <testcase classname="com.saucedemo.tests.LoginPageTest" name="allValidUsersShouldLoginSuccessfully" time="22.438"/>
  <testcase classname="com.saucedemo.tests.LoginPageTest" name="lockedOutUserShowsError" time="5.827"/>
  <testcase classname="com.saucedemo.tests.LoginPageTest" name="validLogin" time="16.709"/>
  <testcase classname="com.saucedemo.tests.LoginPageTest" name="invalidUserShowsError" time="21.543"/>
</testsuite> <!-- com.saucedemo.tests.LoginPageTest -->
