<?xml version="1.0" encoding="UTF-8"?>
<!-- Generated by org.testng.reporters.JUnitReportReporter -->
<testsuite hostname="LAPTOP-L4FN0J6B" failures="0" tests="3" name="com.saucedemo.tests.TestCartBadgeCountValidationPage" time="23.210" errors="0" timestamp="2025-09-07T18:28:16 IST" skipped="0">
  <testcase classname="com.saucedemo.tests.TestCartBadgeCountValidationPage" name="badgeIncrementsWhenAddingItems" time="9.500"/>
  <testcase classname="com.saucedemo.tests.TestCartBadgeCountValidationPage" name="badgeUpdatesAfterRemovingItem" time="7.223"/>
  <testcase classname="com.saucedemo.tests.TestCartBadgeCountValidationPage" name="badgeShowsTwoWhenAddingTwoItems" time="6.487"/>
</testsuite> <!-- com.saucedemo.tests.TestCartBadgeCountValidationPage -->
