<?xml version="1.0" encoding="UTF-8"?>
<!-- Generated by org.testng.reporters.JUnitReportReporter -->
<testsuite hostname="LAPTOP-L4FN0J6B" failures="0" tests="5" name="com.saucedemo.tests.LoginPageTest" time="36.826" errors="0" timestamp="2025-09-07T18:28:16 IST" skipped="0">
  <testcase classname="com.saucedemo.tests.LoginPageTest" name="allValidUsersShouldLoginSuccessfully" time="14.773"/>
  <testcase classname="com.saucedemo.tests.LoginPageTest" name="testUsernameOrPasswordRequiredErrors" time="5.938"/>
  <testcase classname="com.saucedemo.tests.LoginPageTest" name="lockedOutUserShowsError" time="5.699"/>
  <testcase classname="com.saucedemo.tests.LoginPageTest" name="validLogin" time="5.270"/>
  <testcase classname="com.saucedemo.tests.LoginPageTest" name="invalidUserShowsError" time="5.146"/>
</testsuite> <!-- com.saucedemo.tests.LoginPageTest -->
