<?xml version="1.0" encoding="UTF-8"?>
<!-- Generated by org.testng.reporters.JUnitReportReporter -->
<testsuite hostname="LAPTOP-L4FN0J6B" failures="0" tests="3" name="com.saucedemo.tests.TestCartBadgeCountValidationPage" time="25.297" errors="0" timestamp="2025-09-07T21:56:28 IST" skipped="0">
  <testcase classname="com.saucedemo.tests.TestCartBadgeCountValidationPage" name="badgeIncrementsWhenAddingItems" time="16.554"/>
  <testcase classname="com.saucedemo.tests.TestCartBadgeCountValidationPage" name="badgeShowsTwoWhenAddingTwoItems" time="4.339"/>
  <testcase classname="com.saucedemo.tests.TestCartBadgeCountValidationPage" name="badgeUpdatesAfterRemovingItem" time="4.404"/>
</testsuite> <!-- com.saucedemo.tests.TestCartBadgeCountValidationPage -->
