<?xml version="1.0" encoding="UTF-8"?>
<!-- Generated by org.testng.reporters.JUnitReportReporter -->
<testsuite hostname="LAPTOP-L4FN0J6B" failures="0" tests="5" name="com.saucedemo.tests.LoginPageTest" time="22.840" errors="0" timestamp="2025-09-07T21:56:28 IST" skipped="0">
  <testcase classname="com.saucedemo.tests.LoginPageTest" name="invalidUserShowsError" time="3.671"/>
  <testcase classname="com.saucedemo.tests.LoginPageTest" name="validLogin" time="2.536"/>
  <testcase classname="com.saucedemo.tests.LoginPageTest" name="allValidUsersShouldLoginSuccessfully" time="10.598"/>
  <testcase classname="com.saucedemo.tests.LoginPageTest" name="testUsernameOrPasswordRequiredErrors" time="3.177"/>
  <testcase classname="com.saucedemo.tests.LoginPageTest" name="lockedOutUserShowsError" time="2.858"/>
</testsuite> <!-- com.saucedemo.tests.LoginPageTest -->
